{"logTime": "0126/143934", "correlationVector":"4mb6m7TUHqw+G3Sm2Q7F7p","action":"SyncServerConnectionManagerRequest", "result":"SYNC_SERVER_OK", "context":{"environment":"", "migrationStage":"", "server":""}}
{"logTime": "0126/143935", "correlationVector":"hWIDreZElomLnzPFFkp2us.1","action":"SyncServerConnectionManagerRequest", "result":"SYNC_SERVER_OK", "context":{"environment":"Prod_WestEurope_x00e", "migrationStage":"NotStarted", "server":"GENERAL02000027"}}
{"logTime": "0126/143935", "correlationVector":"hWIDreZElomLnzPFFkp2us","action":"Initial GetUpdates", "result":"", "context":Reason: NEW_CLIENT. cV=hWIDreZElomLnzPFFkp2us}
{"logTime": "0126/143935", "correlationVector":"hWIDreZElomLnzPFFkp2us.2","action":"GetUpdates Response", "result":"SYNCER_OK", "context":Received 1 update(s). cV=hWIDreZElomLnzPFFkp2us.0;server=GENERAL02000027;cloudType=Consumer;environment=Prod_WestEurope_x00e;migrationStage=NotStarted}
{"logTime": "0126/143938", "correlationVector":"MGdUuBD03wNS2dyzTwDP81","action":"Initial GetUpdates", "result":"", "context":Reason: NEW_CLIENT. cV=MGdUuBD03wNS2dyzTwDP81}
{"logTime": "0126/143939", "correlationVector":"MGdUuBD03wNS2dyzTwDP81.1","action":"SyncServerConnectionManagerRequest", "result":"SYNC_SERVER_OK", "context":{"environment":"Prod_WestEurope_x00e", "migrationStage":"NotStarted", "server":"GENERAL0200002C"}}
{"logTime": "0126/143939", "correlationVector":"MGdUuBD03wNS2dyzTwDP81.2","action":"GetUpdates Response", "result":"SYNCER_OK", "context":Received 66 update(s). cV=MGdUuBD03wNS2dyzTwDP81.0;server=GENERAL0200002C;cloudType=Consumer;environment=Prod_WestEurope_x00e;migrationStage=NotStarted}
{"logTime": "0126/143939", "correlationVector":"4oKVMYgDnKGuelhr+7p0qk","action":"Initial GetUpdates", "result":"", "context":Reason: NEW_CLIENT. cV=4oKVMYgDnKGuelhr+7p0qk}
{"logTime": "0126/143939", "correlationVector":"4oKVMYgDnKGuelhr+7p0qk.1","action":"SyncServerConnectionManagerRequest", "result":"SYNC_SERVER_OK", "context":{"environment":"Prod_WestEurope_x00e", "migrationStage":"NotStarted", "server":"GENERAL0200001Y"}}
{"logTime": "0126/143939", "correlationVector":"4oKVMYgDnKGuelhr+7p0qk.2","action":"GetUpdates Response", "result":"SYNCER_OK", "context":Received 10 update(s). cV=4oKVMYgDnKGuelhr+7p0qk.0;server=GENERAL0200001Y;cloudType=Consumer;environment=Prod_WestEurope_x00e;migrationStage=NotStarted}
{"logTime": "0126/143939", "correlationVector":"T7NoZhYSNYgkWInU0H08xv","action":"Initial GetUpdates", "result":"", "context":Reason: NEW_CLIENT. cV=T7NoZhYSNYgkWInU0H08xv}
{"logTime": "0126/143940", "correlationVector":"T7NoZhYSNYgkWInU0H08xv.1","action":"SyncServerConnectionManagerRequest", "result":"SYNC_SERVER_OK", "context":{"environment":"Prod_WestEurope_x00e", "migrationStage":"NotStarted", "server":"GENERAL0200000B"}}
{"logTime": "0126/143940", "correlationVector":"T7NoZhYSNYgkWInU0H08xv.2","action":"GetUpdates Response", "result":"SYNCER_OK", "context":Received 106 update(s). cV=T7NoZhYSNYgkWInU0H08xv.0;server=GENERAL0200000B;cloudType=Consumer;environment=Prod_WestEurope_x00e;migrationStage=NotStarted}
{"logTime": "0126/143940", "correlationVector":"51NCVv6gI02hYzUtwFDRzD","action":"Normal GetUpdate request", "result":"", "context":cV=51NCVv6gI02hYzUtwFDRzD
Nudged types: Bookmarks, Device Info, User Consents
Refresh requested types: Bookmarks, Preferences, Passwords, Autofill Profiles, Autofill, Autofill Custom Data, Extensions, Extension settings, Device Info, User Consents, Send Tab To Self, Web Apps, Collection, Edge E Drop, Edge Hub App Usage, Edge Wallet, Encryption Keys}
{"logTime": "0126/143940", "correlationVector":"51NCVv6gI02hYzUtwFDRzD.1","action":"SyncServerConnectionManagerRequest", "result":"SYNC_SERVER_OK", "context":{"environment":"Prod_WestEurope_x00e", "migrationStage":"NotStarted", "server":"GENERAL0100001F"}}
{"logTime": "0126/143940", "correlationVector":"51NCVv6gI02hYzUtwFDRzD.2","action":"GetUpdates Response", "result":"SYNCER_OK", "context":Received 0 update(s). cV=51NCVv6gI02hYzUtwFDRzD.0;server=GENERAL0100001F;cloudType=Consumer;environment=Prod_WestEurope_x00e;migrationStage=NotStarted}
{"logTime": "0126/143940", "correlationVector":"XJwshpy50KAsualpHcjgEz","action":"Commit Request", "result":"", "context":Item count: 1
Contributing types: Device Info}
{"logTime": "0126/143941", "correlationVector":"XJwshpy50KAsualpHcjgEz.1","action":"SyncServerConnectionManagerRequest", "result":"SYNC_SERVER_OK", "context":{"environment":"Prod_WestEurope_x00e", "migrationStage":"NotStarted", "server":"GENERAL01000005"}}
{"logTime": "0126/143941", "correlationVector":"XJwshpy50KAsualpHcjgEz.2","action":"Commit Response", "result":"SYNCER_OK", "context":Result: SYNCER_OK. cV=XJwshpy50KAsualpHcjgEz.0;server=GENERAL01000005;cloudType=Consumer;environment=Prod_WestEurope_x00e;migrationStage=NotStarted}
{"logTime": "0126/143941", "correlationVector":"0bvkyOpYdwMuJVupbGPT+h","action":"Commit Request", "result":"", "context":Item count: 2
Contributing types: Bookmarks, User Consents}
{"logTime": "0126/143942", "correlationVector":"0bvkyOpYdwMuJVupbGPT+h.1","action":"SyncServerConnectionManagerRequest", "result":"SYNC_SERVER_OK", "context":{"environment":"Prod_WestEurope_x00e", "migrationStage":"NotStarted", "server":"GENERAL01000018"}}
{"logTime": "0126/143942", "correlationVector":"0bvkyOpYdwMuJVupbGPT+h.2","action":"Commit Response", "result":"SYNCER_OK", "context":Result: SYNCER_OK. cV=0bvkyOpYdwMuJVupbGPT+h.0;server=GENERAL01000018;cloudType=Consumer;environment=Prod_WestEurope_x00e;migrationStage=NotStarted}
{"logTime": "0126/143942", "correlationVector":"5MqNJZxINbHghy1sb6Yv3i","action":"Normal GetUpdate request", "result":"", "context":cV=5MqNJZxINbHghy1sb6Yv3i
Nudged types: Device Info}
{"logTime": "0126/143943", "correlationVector":"5MqNJZxINbHghy1sb6Yv3i.1","action":"SyncServerConnectionManagerRequest", "result":"SYNC_SERVER_OK", "context":{"environment":"Prod_WestEurope_x00e", "migrationStage":"NotStarted", "server":"GENERAL01000015"}}
{"logTime": "0126/143943", "correlationVector":"5MqNJZxINbHghy1sb6Yv3i.2","action":"GetUpdates Response", "result":"SYNCER_OK", "context":Received 2 update(s). cV=5MqNJZxINbHghy1sb6Yv3i.0;server=GENERAL01000015;cloudType=Consumer;environment=Prod_WestEurope_x00e;migrationStage=NotStarted}
{"logTime": "0126/143946", "correlationVector":"CIull/LyY7a1Vu1uka4ORQ","action":"Normal GetUpdate request", "result":"", "context":cV=CIull/LyY7a1Vu1uka4ORQ
Nudged types: Preferences, Passwords}
{"logTime": "0126/143947", "correlationVector":"CIull/LyY7a1Vu1uka4ORQ.1","action":"SyncServerConnectionManagerRequest", "result":"SYNC_SERVER_OK", "context":{"environment":"Prod_WestEurope_x00e", "migrationStage":"NotStarted", "server":"GENERAL01000007"}}
{"logTime": "0126/143947", "correlationVector":"CIull/LyY7a1Vu1uka4ORQ.2","action":"GetUpdates Response", "result":"SYNCER_OK", "context":Received 0 update(s). cV=CIull/LyY7a1Vu1uka4ORQ.0;server=GENERAL01000007;cloudType=Consumer;environment=Prod_WestEurope_x00e;migrationStage=NotStarted}
{"logTime": "0126/143947", "correlationVector":"Duq0WKtO/5s9rFrvs5jIlu","action":"Commit Request", "result":"", "context":Item count: 4
Contributing types: Passwords}
{"logTime": "0126/143948", "correlationVector":"Duq0WKtO/5s9rFrvs5jIlu.1","action":"SyncServerConnectionManagerRequest", "result":"SYNC_SERVER_OK", "context":{"environment":"Prod_WestEurope_x00e", "migrationStage":"NotStarted", "server":"GENERAL0100000A"}}
{"logTime": "0126/143948", "correlationVector":"Duq0WKtO/5s9rFrvs5jIlu.2","action":"Commit Response", "result":"SYNCER_OK", "context":Result: SYNCER_OK. cV=Duq0WKtO/5s9rFrvs5jIlu.0;server=GENERAL0100000A;cloudType=Consumer;environment=Prod_WestEurope_x00e;migrationStage=NotStarted}
{"logTime": "0126/143948", "correlationVector":"sxfyLGS0zriorJfxhDx8jq","action":"Commit Request", "result":"", "context":Item count: 1
Contributing types: Preferences}
{"logTime": "0126/143948", "correlationVector":"sxfyLGS0zriorJfxhDx8jq.1","action":"SyncServerConnectionManagerRequest", "result":"SYNC_SERVER_OK", "context":{"environment":"Prod_WestEurope_x00e", "migrationStage":"NotStarted", "server":"GENERAL02000037"}}
{"logTime": "0126/143948", "correlationVector":"sxfyLGS0zriorJfxhDx8jq.2","action":"Commit Response", "result":"SYNCER_OK", "context":Result: SYNCER_OK. cV=sxfyLGS0zriorJfxhDx8jq.0;server=GENERAL02000037;cloudType=Consumer;environment=Prod_WestEurope_x00e;migrationStage=NotStarted}
{"logTime": "0126/143949", "correlationVector":"axNsiizQgfm9hNqdEoA3Mi","action":"Normal GetUpdate request", "result":"", "context":cV=axNsiizQgfm9hNqdEoA3Mi
Nudged types: Preferences, Passwords}
{"logTime": "0126/143949", "correlationVector":"axNsiizQgfm9hNqdEoA3Mi.1","action":"SyncServerConnectionManagerRequest", "result":"SYNC_SERVER_OK", "context":{"environment":"Prod_WestEurope_x00e", "migrationStage":"NotStarted", "server":"GENERAL0100001H"}}
